{
  "RSpec": {
    "coverage": {
      "/Users/elizabeth/Ada/mock-twitter/app/helpers/application_helper.rb": [
        1,
        null
      ],
      "/Users/elizabeth/Ada/mock-twitter/app/helpers/tweet_helper.rb": [
        1,
        null
      ],
      "/Users/elizabeth/Ada/mock-twitter/app/helpers/tweets_helper.rb": [
        1,
        null
      ],
      "/Users/elizabeth/Ada/mock-twitter/app/controllers/tweets_controller.rb": [
        1,
        1,
        null,
        null,
        1,
        1,
        null,
        null,
        1,
        3,
        3,
        2,
        null,
        1,
        null,
        null,
        null,
        1,
        2,
        null,
        null,
        1,
        2,
        null,
        null,
        1,
        null,
        1,
        2,
        null,
        null,
        1,
        3,
        null,
        null
      ],
      "/Users/elizabeth/Ada/mock-twitter/app/controllers/application_controller.rb": [
        1,
        null,
        null,
        1,
        null
      ],
      "/Users/elizabeth/Ada/mock-twitter/app/models/tweet.rb": [
        1,
        1,
        1,
        null
      ]
    },
    "timestamp": 1389670433
  }
}
